Running /share/soft/intel_2018_update1/compilers_and_libraries_2018.1.163/linux/mpi/intel64/bin/mpiexec.hydra -np 300 -ppn 34 -hostfile /share/home/hslynn/.lsbatch/1546338369.208687.hostfile -cleanup ./Einstein_DG -r 1 -p 6

*68 (c4u10n02) PHG: *** ERROR: floating point exception: invalid operation.

*68 PHG: Stack trace for /share/home/hslynn/Einstein_DG/Einstein_DG pid=262209
Missing separate debuginfo for /share/soft/phg/mvapich2/lib/libmpfr.so.4
Try: yum --enablerepo='*debug*' install /usr/lib/debug/.build-id/97/0d193388fcc8f1cd1ac8c865278967a04268b8.debug
Missing separate debuginfo for /share/soft/phg/mvapich2/lib/libBLOPEX.so
Try: yum --enablerepo='*debug*' install /usr/lib/debug/.build-id/c9/ab1d0e930d138c1fdc0e8a71a5d3d12d99c4ab.debug
Missing separate debuginfo for /share/soft/phg/mvapich2/lib/libparpack.so
Try: yum --enablerepo='*debug*' install /usr/lib/debug/.build-id/0a/61fbf91acb2507fdd81985a493d7dc21bd13a7.debug
Missing separate debuginfo for /share/soft/phg/mvapich2/lib/libminres.so
Try: yum --enablerepo='*debug*' install /usr/lib/debug/.build-id/d5/1691cd9d86b0555ea3f7aea70dd28afef19282.debug
Missing separate debuginfo for /share/soft/phg/mvapich2/lib/libsmumps.so
Try: yum --enablerepo='*debug*' install /usr/lib/debug/.build-id/24/7908e69f630dea56414f643616a0b5754e2d2a.debug
Missing separate debuginfo for /share/soft/phg/mvapich2/lib/libdmumps.so
Try: yum --enablerepo='*debug*' install /usr/lib/debug/.build-id/06/65d26d225c34ed3134d29fdb365c9d5a39d755.debug
Missing separate debuginfo for /share/soft/phg/mvapich2/lib/libmumps_common.so
Try: yum --enablerepo='*debug*' install /usr/lib/debug/.build-id/4b/64314ac32eb3e279878011dba1082614f78565.debug
Missing separate debuginfo for /share/soft/phg/mvapich2/lib/libpord.so
Try: yum --enablerepo='*debug*' install /usr/lib/debug/.build-id/ea/2f7a3969629ad952e4b5c3194cb4ff59ff6b29.debug
Missing separate debuginfo for /share/soft/phg/mvapich2/lib/libsuperlu_dist.so
Try: yum --enablerepo='*debug*' install /usr/lib/debug/.build-id/9b/d403a5e122197c95704d580a5594965c0a3ede.debug
Missing separate debuginfo for /share/soft/phg/mvapich2/lib/libptesmumps.so
Try: yum --enablerepo='*debug*' install /usr/lib/debug/.build-id/c3/d1e15d079ed7318955546e71b8399b142dfaa1.debug
Missing separate debuginfo for /share/soft/phg/mvapich2/lib/libptscotch.so
Try: yum --enablerepo='*debug*' install /usr/lib/debug/.build-id/3b/d31d145c7e81c5408fa1c63de8de18d2178ef2.debug
Missing separate debuginfo for /share/soft/phg/mvapich2/lib/libptscotcherrexit.so
Try: yum --enablerepo='*debug*' install /usr/lib/debug/.build-id/7d/d17d71fefa3339c606ea918a43359a58626040.debug
Missing separate debuginfo for /share/soft/phg/mvapich2/lib/libesmumps.so
Try: yum --enablerepo='*debug*' install /usr/lib/debug/.build-id/ad/e9deaa6171f9341fcc44a131f1a090d7f9cbe5.debug
Missing separate debuginfo for /share/soft/phg/mvapich2/lib/libscotch.so
Try: yum --enablerepo='*debug*' install /usr/lib/debug/.build-id/9b/a28f492d8312b28f49ed8d7de7191ed25ee604.debug
Missing separate debuginfo for /share/soft/phg/mvapich2/lib/libscotcherrexit.so
Try: yum --enablerepo='*debug*' install /usr/lib/debug/.build-id/3a/4873d508ed4ff66f1f23f5fc449cb49795713a.debug
Missing separate debuginfo for /share/soft/phg/mvapich2/lib/libparmetis.so
Try: yum --enablerepo='*debug*' install /usr/lib/debug/.build-id/8b/177e09a47cc069233639741abef0179c8f49de.debug
Missing separate debuginfo for /share/soft/phg/mvapich2/lib/libmetis.so
Try: yum --enablerepo='*debug*' install /usr/lib/debug/.build-id/91/55be603767faa881185db56af1476a9ab723bf.debug
Missing separate debuginfo for /share/soft/phg/mvapich2/lib/libGKlib.so
Try: yum --enablerepo='*debug*' install /usr/lib/debug/.build-id/b0/dee80eaee811125da9f6bbbe70634221917b7f.debug
[New LWP 262351]
[New LWP 262350]
[New LWP 262349]
[Thread debugging using libthread_db enabled]
Using host libthread_db library "/lib64/libthread_db.so.1".
0x00007f9ff2f39f19 in waitpid () from /lib64/libpthread.so.0
[Current thread is 1 (Thread 0x7f9ffdcb2ec0 (LWP 262209))]
#0  0x00007f9ff2f39f19 in waitpid () from /lib64/libpthread.so.0
#1  0x00007f9ffd6b3f75 in print_trace () at utils.c:1808
#2  phgError (code=293405, fmt=0x0) at utils.c:1854
#3  <signal handler called>
#4  0x0000000000421d95 in get_dofs_N (dofs_Psi=0x171def0, dofs_g=0x1d596a0, dofs_N=0x1a23b60) at auxi_dofs.c:100
#5  0x000000000040e112 in get_dofs_auxi (dofs_var=0x171def0, dofs_g=0x1d596a0, dofs_N=0x1a23b60, dofs_src=0x1731ef8) at auxi_dofs.c:123
#6  0x000000000040b1ca in get_dofs_rhs (dofs_var=<optimized out>, dofs_bdry=<optimized out>, dofs_g=<optimized out>, dofs_N=<optimized out>, dofs_src=<optimized out>, dofs_gradPsi=<optimized out>, dofs_gradPi=<optimized out>, dofs_gradPhi=<optimized out>, dofs_Hhat=<optimized out>, dofs_rhs=<optimized out>) at rk2.c:6
#7  ssp_rk2 (dt=1.2598673968951787e-321, dofs_var=0x171def0, dofs_bdry=0x1d596a0, dofs_g=0x1a23b60, dofs_N=0x1731ef8, dofs_src=0x1721340, dofs_gradPsi=0x1723810, dofs_gradPi=0x7ffd0837cc80, dofs_gradPhi=0x7ffd0837c500, dofs_Hhat=0x7ffd0837c960, dofs_rhs=0x7ffd0837caf0) at rk2.c:37
#8  0x000000000040ab19 in main (argc=926035504, argv=0x128c4c0) at Einstein_DG.c:244
*68 PHG: End stack trace
[cli_68]: aborting job:
application called MPI_Abort(comm=0x84000004, 1) - process 68
