Sender: LSF System <lsfadmin@c6u03n04>
Subject: Job 208161: <r0_p10> in cluster <hpc.lsec.cc.ac.cn> Done

Job <r0_p10> was submitted from host <ln02> by user <hslynn> in cluster <hpc.lsec.cc.ac.cn>.
Job was executed on host(s) <36*c6u03n04>, in queue <batch>, as user <hslynn> in cluster <hpc.lsec.cc.ac.cn>.
</share/home/hslynn> was used as the home directory.
</share/home/hslynn/Einstein_DG> was used as the working directory.
Started at Sun Dec 30 14:49:41 2018
Results reported on Sun Dec 30 16:28:11 2018

Your job looked like:

------------------------------------------------------------
# LSBATCH: User input
mpijob -t openmpi ./Einstein_DG -r 0 -p 10
------------------------------------------------------------

Successfully completed.

Resource usage summary:

    CPU time :                                   211902.23 sec.
    Max Memory :                                 5250 MB
    Average Memory :                             4319.98 MB
    Total Requested Memory :                     -
    Delta Memory :                               -
    Max Processes :                              40
    Max Threads :                                117

The output (if any) follows:

Parallel Hierarchical Grid (version 0.9.4).
PHG started
PHG started
PHG started
PHG started
PHG started
PHG started
PHG started
PHG started
PHG started
PHG started
PHG started
PHG started
PHG started
PHG started
PHG started
PHG started
PHG started
PHG started
PHG started
PHG started
PHG started
PHG started
PHG started
PHG started
PHG started
PHG started
PHG started
PHG started
PHG started
PHG started
PHG started
PHG started
PHG started
PHG started
PHG started
PHG started

Using mesh file: ./mesh/hollowed_icosahedron.mesh
Refine times: 0
Highest polymonial order: 10
Total elements = 536
Total processes = 36

max_diam = 0.728134
min_diam = 0.535075

L2 error of gradPsi[0] = 0.000000
L2 error of gradPsi[10] = 0.000000
L2 error of gradPsi[20] = 0.000000

L2 error of gradPsi[1] = 0.000000
L2 error of gradPsi[11] = 0.000000
L2 error of gradPsi[21] = 0.000000

L2 error of gradPsi[2] = 0.000000
L2 error of gradPsi[12] = 0.000000
L2 error of gradPsi[22] = 0.000000

L2 error of gradPsi[3] = 0.000000
L2 error of gradPsi[13] = 0.000000
L2 error of gradPsi[23] = 0.000000

L2 error of gradPsi[4] = 0.000013
L2 error of gradPsi[14] = 0.000010
L2 error of gradPsi[24] = 0.000010

L2 error of gradPsi[5] = 0.000009
L2 error of gradPsi[15] = 0.000009
L2 error of gradPsi[25] = 0.000008

L2 error of gradPsi[6] = 0.000009
L2 error of gradPsi[16] = 0.000008
L2 error of gradPsi[26] = 0.000009

L2 error of gradPsi[7] = 0.000010
L2 error of gradPsi[17] = 0.000013
L2 error of gradPsi[27] = 0.000010

L2 error of gradPsi[8] = 0.000007
L2 error of gradPsi[18] = 0.000009
L2 error of gradPsi[28] = 0.000008

L2 error of gradPsi[9] = 0.000010
L2 error of gradPsi[19] = 0.000010
L2 error of gradPsi[29] = 0.000013

step 0 completed
time length: 0.000000
L2 error of psi: 0.000000

L2 err of rhs[0]: 0.0000000000000000

L2 err of rhs[1]: 0.0000000000000000

L2 err of rhs[2]: 0.0000000000000000

L2 err of rhs[3]: 0.0000000000000000

L2 err of rhs[4]: 0.0000000000000000

L2 err of rhs[5]: 0.0000000000000000

L2 err of rhs[6]: 0.0000000000000000

L2 err of rhs[7]: 0.0000000000000000

L2 err of rhs[8]: 0.0000000000000000

L2 err of rhs[9]: 0.0000000000000000

L2 err of rhs[10]: 0.0000000573837860

L2 err of rhs[11]: 0.0000000000000011

L2 err of rhs[12]: 0.0000000000000011

L2 err of rhs[13]: 0.0000000000000011

L2 err of rhs[14]: 0.0000602336134970

L2 err of rhs[15]: 0.0000466853582363

L2 err of rhs[16]: 0.0000460097694737

L2 err of rhs[17]: 0.0000596697810548

L2 err of rhs[18]: 0.0000440424653020

L2 err of rhs[19]: 0.0000593094645409

L2 err of rhs[20]: 0.0000000086054467

L2 err of rhs[21]: 0.0000000000000000

L2 err of rhs[22]: 0.0000000000000000

L2 err of rhs[23]: 0.0000000000000000

L2 err of rhs[24]: 0.0000065576301910

L2 err of rhs[25]: 0.0000046920190987

L2 err of rhs[26]: 0.0000046954232428

L2 err of rhs[27]: 0.0000054964237892

L2 err of rhs[28]: 0.0000038838541462

L2 err of rhs[29]: 0.0000054570700871

L2 err of rhs[30]: 0.0000000085545640

L2 err of rhs[31]: 0.0000000000000000

L2 err of rhs[32]: 0.0000000000000000

L2 err of rhs[33]: 0.0000000000000000

L2 err of rhs[34]: 0.0000053959873380

L2 err of rhs[35]: 0.0000048102143946

L2 err of rhs[36]: 0.0000040556453209

L2 err of rhs[37]: 0.0000065124238532

L2 err of rhs[38]: 0.0000046157514683

L2 err of rhs[39]: 0.0000053196144816

L2 err of rhs[40]: 0.0000000084574474

L2 err of rhs[41]: 0.0000000000000000

L2 err of rhs[42]: 0.0000000000000000

L2 err of rhs[43]: 0.0000000000000000

L2 err of rhs[44]: 0.0000055526405939

L2 err of rhs[45]: 0.0000041606239967

L2 err of rhs[46]: 0.0000046910278032

L2 err of rhs[47]: 0.0000053823575516

L2 err of rhs[48]: 0.0000043760709022

L2 err of rhs[49]: 0.0000064595961925

Total time cost = 5907.622627


PS:

Read file <r0_p10.err> for stderr output of this job.

