Sender: LSF System <lsfadmin@c1u15n03>
Subject: Job 208169: <r1_p8> in cluster <hpc.lsec.cc.ac.cn> Done

Job <r1_p8> was submitted from host <ln02> by user <hslynn> in cluster <hpc.lsec.cc.ac.cn>.
Job was executed on host(s) <36*c1u15n03>, in queue <batch>, as user <hslynn> in cluster <hpc.lsec.cc.ac.cn>.
</share/home/hslynn> was used as the home directory.
</share/home/hslynn/Einstein_DG> was used as the working directory.
Started at Sun Dec 30 15:27:18 2018
Results reported on Sun Dec 30 16:57:36 2018

Your job looked like:

------------------------------------------------------------
# LSBATCH: User input
mpijob -t openmpi ./Einstein_DG -r 1 -p 8
------------------------------------------------------------

Successfully completed.

Resource usage summary:

    CPU time :                                   194187.83 sec.
    Max Memory :                                 5909 MB
    Average Memory :                             4737.81 MB
    Total Requested Memory :                     -
    Delta Memory :                               -
    Max Processes :                              40
    Max Threads :                                117

The output (if any) follows:

Parallel Hierarchical Grid (version 0.9.4).

Using mesh file: ./mesh/hollowed_icosahedron.mesh
Refine times: 1
Highest polymonial order: 8
Total elements = 1878
Total processes = 36

max_diam = 0.662822
min_diam = 0.316514

L2 error of gradPsi[0] = 0.000000
L2 error of gradPsi[10] = 0.000000
L2 error of gradPsi[20] = 0.000000

L2 error of gradPsi[1] = 0.000000
L2 error of gradPsi[11] = 0.000000
L2 error of gradPsi[21] = 0.000000

L2 error of gradPsi[2] = 0.000000
L2 error of gradPsi[12] = 0.000000
L2 error of gradPsi[22] = 0.000000

L2 error of gradPsi[3] = 0.000000
L2 error of gradPsi[13] = 0.000000
L2 error of gradPsi[23] = 0.000000

L2 error of gradPsi[4] = 0.000065
L2 error of gradPsi[14] = 0.000061
L2 error of gradPsi[24] = 0.000063

L2 error of gradPsi[5] = 0.000051
L2 error of gradPsi[15] = 0.000052
L2 error of gradPsi[25] = 0.000049

L2 error of gradPsi[6] = 0.000045
L2 error of gradPsi[16] = 0.000040
L2 error of gradPsi[26] = 0.000043

L2 error of gradPsi[7] = 0.000068
L2 error of gradPsi[17] = 0.000076
L2 error of gradPsi[27] = 0.000066

L2 error of gradPsi[8] = 0.000044
L2 error of gradPsi[18] = 0.000048
L2 error of gradPsi[28] = 0.000044

L2 error of gradPsi[9] = 0.000056
L2 error of gradPsi[19] = 0.000055
L2 error of gradPsi[29] = 0.000053

step 0 completed
time length: 0.000000
L2 error of psi: 0.000000

L2 err of rhs[0]: 0.0000000000000000
L2 err of rhs[1]: 0.0000000000000000
L2 err of rhs[2]: 0.0000000000000000
L2 err of rhs[3]: 0.0000000000000000
L2 err of rhs[4]: 0.0000000000000000
L2 err of rhs[5]: 0.0000000000000000
L2 err of rhs[6]: 0.0000000000000000
L2 err of rhs[7]: 0.0000000000000000
L2 err of rhs[8]: 0.0000000000000000
L2 err of rhs[9]: 0.0000000000000000
L2 err of rhs[10]: 0.0000003092768852
L2 err of rhs[11]: 0.0000000000000006
L2 err of rhs[12]: 0.0000000000000006
L2 err of rhs[13]: 0.0000000000000006
L2 err of rhs[14]: 0.0002469800143059
L2 err of rhs[15]: 0.0002086292462386
L2 err of rhs[16]: 0.0001704284839201
L2 err of rhs[17]: 0.0002822875109323
L2 err of rhs[18]: 0.0001845583147800
L2 err of rhs[19]: 0.0002078453591106
L2 err of rhs[20]: 0.0000000619816355
L2 err of rhs[21]: 0.0000000000000000
L2 err of rhs[22]: 0.0000000000000000
L2 err of rhs[23]: 0.0000000000000000
L2 err of rhs[24]: 0.0000335701051154
L2 err of rhs[25]: 0.0000267392225308
L2 err of rhs[26]: 0.0000233013410682
L2 err of rhs[27]: 0.0000355400468265
L2 err of rhs[28]: 0.0000233573333034
L2 err of rhs[29]: 0.0000296620972276
L2 err of rhs[30]: 0.0000000593557456
L2 err of rhs[31]: 0.0000000000000000
L2 err of rhs[32]: 0.0000000000000000
L2 err of rhs[33]: 0.0000000000000000
L2 err of rhs[34]: 0.0000320391403001
L2 err of rhs[35]: 0.0000271915967977
L2 err of rhs[36]: 0.0000212256464008
L2 err of rhs[37]: 0.0000389641109203
L2 err of rhs[38]: 0.0000246002142688
L2 err of rhs[39]: 0.0000288572391657
L2 err of rhs[40]: 0.0000000590138917
L2 err of rhs[41]: 0.0000000000000000
L2 err of rhs[42]: 0.0000000000000000
L2 err of rhs[43]: 0.0000000000000000
L2 err of rhs[44]: 0.0000332866327560
L2 err of rhs[45]: 0.0000258764572417
L2 err of rhs[46]: 0.0000222625673837
L2 err of rhs[47]: 0.0000347427086044
L2 err of rhs[48]: 0.0000227869717409
L2 err of rhs[49]: 0.0000276873807080
Total time cost = 5415.183523


PS:

Read file <r1_p8.err> for stderr output of this job.

