Sender: LSF System <lsfadmin@c6u03n04>
Subject: Job 208247: <r1_p9> in cluster <hpc.lsec.cc.ac.cn> Done

Job <r1_p9> was submitted from host <ln02> by user <hslynn> in cluster <hpc.lsec.cc.ac.cn>.
Job was executed on host(s) <36*c6u03n04>, in queue <batch>, as user <hslynn> in cluster <hpc.lsec.cc.ac.cn>.
                            <36*a6u19n02>
                            <36*c1u24n03>
                            <36*c3u05n02>
                            <36*a6u17n01>
                            <36*c1u08n03>
                            <36*a6u12n01>
                            <36*c1u05n03>
                            <36*c1u15n03>
                            <36*a6u01n04>
                            <36*c2u05n04>
                            <4*c4u05n02>
</share/home/hslynn> was used as the home directory.
</share/home/hslynn/Einstein_DG> was used as the working directory.
Started at Sun Dec 30 16:57:35 2018
Results reported on Sun Dec 30 17:37:41 2018

Your job looked like:

------------------------------------------------------------
# LSBATCH: User input
mpijob -t mvapich2 ./Einstein_DG -r 1 -p 9
------------------------------------------------------------

Successfully completed.

Resource usage summary:

    CPU time :                                   81433.45 sec.
    Max Memory :                                 2585 MB
    Average Memory :                             2407.93 MB
    Total Requested Memory :                     -
    Delta Memory :                               -
    Max Processes :                              50
    Max Threads :                                153

The output (if any) follows:

Parallel Hierarchical Grid (version 0.9.4).

Using mesh file: ./mesh/hollowed_icosahedron.mesh
Refine times: 1
Highest polymonial order: 9
Total elements = 1878
Total processes = 400

max_diam = 0.662822
min_diam = 0.316514

L2 error of gradPsi[0] = 0.000000
L2 error of gradPsi[10] = 0.000000
L2 error of gradPsi[20] = 0.000000

L2 error of gradPsi[1] = 0.000000
L2 error of gradPsi[11] = 0.000000
L2 error of gradPsi[21] = 0.000000

L2 error of gradPsi[2] = 0.000000
L2 error of gradPsi[12] = 0.000000
L2 error of gradPsi[22] = 0.000000

L2 error of gradPsi[3] = 0.000000
L2 error of gradPsi[13] = 0.000000
L2 error of gradPsi[23] = 0.000000

L2 error of gradPsi[4] = 0.000018
L2 error of gradPsi[14] = 0.000016
L2 error of gradPsi[24] = 0.000017

L2 error of gradPsi[5] = 0.000014
L2 error of gradPsi[15] = 0.000014
L2 error of gradPsi[25] = 0.000013

L2 error of gradPsi[6] = 0.000012
L2 error of gradPsi[16] = 0.000011
L2 error of gradPsi[26] = 0.000011

L2 error of gradPsi[7] = 0.000017
L2 error of gradPsi[17] = 0.000020
L2 error of gradPsi[27] = 0.000018

L2 error of gradPsi[8] = 0.000012
L2 error of gradPsi[18] = 0.000013
L2 error of gradPsi[28] = 0.000012

L2 error of gradPsi[9] = 0.000015
L2 error of gradPsi[19] = 0.000014
L2 error of gradPsi[29] = 0.000014

step 0 completed
time length: 0.000000
L2 error of psi: 0.000000

L2 err of rhs[0]: 0.0000000000000000
L2 err of rhs[1]: 0.0000000000000000
L2 err of rhs[2]: 0.0000000000000000
L2 err of rhs[3]: 0.0000000000000000
L2 err of rhs[4]: 0.0000000000000000
L2 err of rhs[5]: 0.0000000000000000
L2 err of rhs[6]: 0.0000000000000000
L2 err of rhs[7]: 0.0000000000000000
L2 err of rhs[8]: 0.0000000000000000
L2 err of rhs[9]: 0.0000000000000000
L2 err of rhs[10]: 0.0000000643574437
L2 err of rhs[11]: 0.0000000000000010
L2 err of rhs[12]: 0.0000000000000010
L2 err of rhs[13]: 0.0000000000000010
L2 err of rhs[14]: 0.0000707658014133
L2 err of rhs[15]: 0.0000600934693769
L2 err of rhs[16]: 0.0000502066146739
L2 err of rhs[17]: 0.0000833906136979
L2 err of rhs[18]: 0.0000532385168006
L2 err of rhs[19]: 0.0000597742065310
L2 err of rhs[20]: 0.0000000109373029
L2 err of rhs[21]: 0.0000000000000000
L2 err of rhs[22]: 0.0000000000000000
L2 err of rhs[23]: 0.0000000000000000
L2 err of rhs[24]: 0.0000090429028129
L2 err of rhs[25]: 0.0000072723872897
L2 err of rhs[26]: 0.0000062289218529
L2 err of rhs[27]: 0.0000091198641289
L2 err of rhs[28]: 0.0000060337496862
L2 err of rhs[29]: 0.0000076370878703
L2 err of rhs[30]: 0.0000000101937342
L2 err of rhs[31]: 0.0000000000000000
L2 err of rhs[32]: 0.0000000000000000
L2 err of rhs[33]: 0.0000000000000000
L2 err of rhs[34]: 0.0000082166964998
L2 err of rhs[35]: 0.0000073313915621
L2 err of rhs[36]: 0.0000055668233763
L2 err of rhs[37]: 0.0000102942062412
L2 err of rhs[38]: 0.0000065539557991
L2 err of rhs[39]: 0.0000074958574508
L2 err of rhs[40]: 0.0000000102521200
L2 err of rhs[41]: 0.0000000000000000
L2 err of rhs[42]: 0.0000000000000000
L2 err of rhs[43]: 0.0000000000000000
L2 err of rhs[44]: 0.0000087495709015
L2 err of rhs[45]: 0.0000066253430575
L2 err of rhs[46]: 0.0000057981223003
L2 err of rhs[47]: 0.0000092210085155
L2 err of rhs[48]: 0.0000060425129107
L2 err of rhs[49]: 0.0000073874789977
Total time cost = 2360.375771


PS:

Read file <r1_p9.err> for stderr output of this job.

