Sender: LSF System <lsfadmin@a6u19n02>
Subject: Job 208271: <r1_p5> in cluster <hpc.lsec.cc.ac.cn> Done

Job <r1_p5> was submitted from host <ln02> by user <hslynn> in cluster <hpc.lsec.cc.ac.cn>.
Job was executed on host(s) <36*a6u19n02>, in queue <batch>, as user <hslynn> in cluster <hpc.lsec.cc.ac.cn>.
</share/home/hslynn> was used as the home directory.
</share/home/hslynn/Einstein_DG> was used as the working directory.
Started at Sun Dec 30 19:11:13 2018
Results reported on Sun Dec 30 19:15:31 2018

Your job looked like:

------------------------------------------------------------
# LSBATCH: User input
mpijob -t mvapich2 ./Einstein_DG -r 1 -p 5
------------------------------------------------------------

Successfully completed.

Resource usage summary:

    CPU time :                                   9202.98 sec.
    Max Memory :                                 1781 MB
    Average Memory :                             1640.16 MB
    Total Requested Memory :                     -
    Delta Memory :                               -
    Max Processes :                              41
    Max Threads :                                42

The output (if any) follows:

Parallel Hierarchical Grid (version 0.9.4).

Using mesh file: ./mesh/hollowed_icosahedron.mesh
Refine times: 1
Highest polymonial order: 5
Total elements = 1878
Total processes = 36

max_diam = 0.662822
min_diam = 0.316514

L2 error of gradPsi[0] = 0.000027
L2 error of gradPsi[10] = 0.000026
L2 error of gradPsi[20] = 0.000026

L2 error of gradPsi[1] = 0.000000
L2 error of gradPsi[11] = 0.000000
L2 error of gradPsi[21] = 0.000000

L2 error of gradPsi[2] = 0.000000
L2 error of gradPsi[12] = 0.000000
L2 error of gradPsi[22] = 0.000000

L2 error of gradPsi[3] = 0.000000
L2 error of gradPsi[13] = 0.000000
L2 error of gradPsi[23] = 0.000000

L2 error of gradPsi[4] = 0.003986
L2 error of gradPsi[14] = 0.003786
L2 error of gradPsi[24] = 0.003988

L2 error of gradPsi[5] = 0.003100
L2 error of gradPsi[15] = 0.003170
L2 error of gradPsi[25] = 0.002939

L2 error of gradPsi[6] = 0.002697
L2 error of gradPsi[16] = 0.002470
L2 error of gradPsi[26] = 0.002589

L2 error of gradPsi[7] = 0.004047
L2 error of gradPsi[17] = 0.004493
L2 error of gradPsi[27] = 0.004164

L2 error of gradPsi[8] = 0.002666
L2 error of gradPsi[18] = 0.002875
L2 error of gradPsi[28] = 0.002728

L2 error of gradPsi[9] = 0.003592
L2 error of gradPsi[19] = 0.003503
L2 error of gradPsi[29] = 0.003453

step 0 completed
time length: 0.000000
L2 error of psi: 0.000000

L2 err of rhs[0]: 0.0000000000000000
L2 err of rhs[1]: 0.0000000000000000
L2 err of rhs[2]: 0.0000000000000000
L2 err of rhs[3]: 0.0000000000000000
L2 err of rhs[4]: 0.0000000000000000
L2 err of rhs[5]: 0.0000000000000000
L2 err of rhs[6]: 0.0000000000000000
L2 err of rhs[7]: 0.0000000000000000
L2 err of rhs[8]: 0.0000000000000000
L2 err of rhs[9]: 0.0000000000000000
L2 err of rhs[10]: 0.0000558934816514
L2 err of rhs[11]: 0.0000000000000004
L2 err of rhs[12]: 0.0000000000000004
L2 err of rhs[13]: 0.0000000000000004
L2 err of rhs[14]: 0.0109915619527850
L2 err of rhs[15]: 0.0090586363749444
L2 err of rhs[16]: 0.0078723606145262
L2 err of rhs[17]: 0.0127817517208192
L2 err of rhs[18]: 0.0083411212470142
L2 err of rhs[19]: 0.0097224016532808
L2 err of rhs[20]: 0.0000149013827844
L2 err of rhs[21]: 0.0000000000000000
L2 err of rhs[22]: 0.0000000000000000
L2 err of rhs[23]: 0.0000000000000000
L2 err of rhs[24]: 0.0020900837946153
L2 err of rhs[25]: 0.0016429734641454
L2 err of rhs[26]: 0.0014210009408501
L2 err of rhs[27]: 0.0021727976603660
L2 err of rhs[28]: 0.0014287209703901
L2 err of rhs[29]: 0.0019362505667904
L2 err of rhs[30]: 0.0000143756544987
L2 err of rhs[31]: 0.0000000000000000
L2 err of rhs[32]: 0.0000000000000000
L2 err of rhs[33]: 0.0000000000000000
L2 err of rhs[34]: 0.0020403081531415
L2 err of rhs[35]: 0.0016687405768323
L2 err of rhs[36]: 0.0013215913411694
L2 err of rhs[37]: 0.0023492627496338
L2 err of rhs[38]: 0.0015149499484745
L2 err of rhs[39]: 0.0018886629870180
L2 err of rhs[40]: 0.0000145053101588
L2 err of rhs[41]: 0.0000000000000000
L2 err of rhs[42]: 0.0000000000000000
L2 err of rhs[43]: 0.0000000000000000
L2 err of rhs[44]: 0.0021400298689394
L2 err of rhs[45]: 0.0015770712724725
L2 err of rhs[46]: 0.0013753148510402
L2 err of rhs[47]: 0.0022284355672601
L2 err of rhs[48]: 0.0014510886059786
L2 err of rhs[49]: 0.0018262803154519
Total time cost = 253.342180


PS:

Read file <r1_p5.err> for stderr output of this job.

