Sender: LSF System <lsfadmin@c6u17n02>
Subject: Job 208248: <r2_p8> in cluster <hpc.lsec.cc.ac.cn> Done

Job <r2_p8> was submitted from host <ln02> by user <hslynn> in cluster <hpc.lsec.cc.ac.cn>.
Job was executed on host(s) <36*c6u17n02>, in queue <batch>, as user <hslynn> in cluster <hpc.lsec.cc.ac.cn>.
                            <36*c1u05n03>
                            <36*c6u03n04>
                            <36*c2u05n04>
                            <36*a6u19n02>
                            <36*c1u24n03>
                            <36*a6u01n04>
                            <36*a6u12n01>
                            <36*a6u17n01>
                            <36*c3u05n02>
                            <36*c1u15n03>
                            <4*c1u08n03>
</share/home/hslynn> was used as the home directory.
</share/home/hslynn/Einstein_DG> was used as the working directory.
Started at Sun Dec 30 17:39:03 2018
Results reported on Sun Dec 30 18:00:10 2018

Your job looked like:

------------------------------------------------------------
# LSBATCH: User input
mpijob -t mvapich2 ./Einstein_DG -r 2 -p 8
------------------------------------------------------------

Successfully completed.

Resource usage summary:

    CPU time :                                   42836.25 sec.
    Max Memory :                                 2410 MB
    Average Memory :                             2228.09 MB
    Total Requested Memory :                     -
    Delta Memory :                               -
    Max Processes :                              50
    Max Threads :                                153

The output (if any) follows:

Parallel Hierarchical Grid (version 0.9.4).

Using mesh file: ./mesh/hollowed_icosahedron.mesh
Refine times: 2
Highest polymonial order: 8
Total elements = 3143
Total processes = 400

max_diam = 0.564691
min_diam = 0.267582

L2 error of gradPsi[0] = 0.000000
L2 error of gradPsi[10] = 0.000000
L2 error of gradPsi[20] = 0.000000

L2 error of gradPsi[1] = 0.000000
L2 error of gradPsi[11] = 0.000000
L2 error of gradPsi[21] = 0.000000

L2 error of gradPsi[2] = 0.000000
L2 error of gradPsi[12] = 0.000000
L2 error of gradPsi[22] = 0.000000

L2 error of gradPsi[3] = 0.000000
L2 error of gradPsi[13] = 0.000000
L2 error of gradPsi[23] = 0.000000

L2 error of gradPsi[4] = 0.000032
L2 error of gradPsi[14] = 0.000035
L2 error of gradPsi[24] = 0.000035

L2 error of gradPsi[5] = 0.000021
L2 error of gradPsi[15] = 0.000023
L2 error of gradPsi[25] = 0.000024

L2 error of gradPsi[6] = 0.000020
L2 error of gradPsi[16] = 0.000021
L2 error of gradPsi[26] = 0.000019

L2 error of gradPsi[7] = 0.000033
L2 error of gradPsi[17] = 0.000030
L2 error of gradPsi[27] = 0.000035

L2 error of gradPsi[8] = 0.000021
L2 error of gradPsi[18] = 0.000020
L2 error of gradPsi[28] = 0.000020

L2 error of gradPsi[9] = 0.000032
L2 error of gradPsi[19] = 0.000032
L2 error of gradPsi[29] = 0.000029

step 0 completed
time length: 0.000000
L2 error of psi: 0.000000

L2 err of rhs[0]: 0.0000000000000000
L2 err of rhs[1]: 0.0000000000000000
L2 err of rhs[2]: 0.0000000000000000
L2 err of rhs[3]: 0.0000000000000000
L2 err of rhs[4]: 0.0000000000000000
L2 err of rhs[5]: 0.0000000000000000
L2 err of rhs[6]: 0.0000000000000000
L2 err of rhs[7]: 0.0000000000000000
L2 err of rhs[8]: 0.0000000000000000
L2 err of rhs[9]: 0.0000000000000000
L2 err of rhs[10]: 0.0000001299274154
L2 err of rhs[11]: 0.0000000000000007
L2 err of rhs[12]: 0.0000000000000007
L2 err of rhs[13]: 0.0000000000000007
L2 err of rhs[14]: 0.0001107795103892
L2 err of rhs[15]: 0.0000777069733147
L2 err of rhs[16]: 0.0000702339887451
L2 err of rhs[17]: 0.0001098631340473
L2 err of rhs[18]: 0.0000708876251897
L2 err of rhs[19]: 0.0001004586612259
L2 err of rhs[20]: 0.0000000246824439
L2 err of rhs[21]: 0.0000000000000000
L2 err of rhs[22]: 0.0000000000000000
L2 err of rhs[23]: 0.0000000000000000
L2 err of rhs[24]: 0.0000170504035355
L2 err of rhs[25]: 0.0000115129931025
L2 err of rhs[26]: 0.0000107721487629
L2 err of rhs[27]: 0.0000180284610218
L2 err of rhs[28]: 0.0000115287345492
L2 err of rhs[29]: 0.0000179721999394
L2 err of rhs[30]: 0.0000000257287818
L2 err of rhs[31]: 0.0000000000000000
L2 err of rhs[32]: 0.0000000000000000
L2 err of rhs[33]: 0.0000000000000000
L2 err of rhs[34]: 0.0000191672087429
L2 err of rhs[35]: 0.0000121935057791
L2 err of rhs[36]: 0.0000113102613538
L2 err of rhs[37]: 0.0000159324563499
L2 err of rhs[38]: 0.0000108180801971
L2 err of rhs[39]: 0.0000179706447283
L2 err of rhs[40]: 0.0000000260334275
L2 err of rhs[41]: 0.0000000000000000
L2 err of rhs[42]: 0.0000000000000000
L2 err of rhs[43]: 0.0000000000000000
L2 err of rhs[44]: 0.0000190731509045
L2 err of rhs[45]: 0.0000129651597403
L2 err of rhs[46]: 0.0000105918405520
L2 err of rhs[47]: 0.0000189310704668
L2 err of rhs[48]: 0.0000107539537902
L2 err of rhs[49]: 0.0000156355940739
Total time cost = 1220.585513


PS:

Read file <r2_p8.err> for stderr output of this job.

