Sender: LSF System <lsfadmin@c1u05n03>
Subject: Job 208243: <r2_p5> in cluster <hpc.lsec.cc.ac.cn> Done

Job <r2_p5> was submitted from host <ln02> by user <hslynn> in cluster <hpc.lsec.cc.ac.cn>.
Job was executed on host(s) <36*c1u05n03>, in queue <batch>, as user <hslynn> in cluster <hpc.lsec.cc.ac.cn>.
                            <36*c1u24n03>
                            <36*a6u01n04>
                            <36*a6u17n01>
                            <36*a6u12n01>
                            <20*c3u05n02>
</share/home/hslynn> was used as the home directory.
</share/home/hslynn/Einstein_DG> was used as the working directory.
Started at Sun Dec 30 16:23:34 2018
Results reported on Sun Dec 30 16:25:25 2018

Your job looked like:

------------------------------------------------------------
# LSBATCH: User input
mpijob -t mvapich2 ./Einstein_DG -r 2 -p 5
------------------------------------------------------------

Successfully completed.

Resource usage summary:

    CPU time :                                   3652.43 sec.
    Max Memory :                                 1751 MB
    Average Memory :                             1560.19 MB
    Total Requested Memory :                     -
    Delta Memory :                               -
    Max Processes :                              44
    Max Threads :                                147

The output (if any) follows:

Parallel Hierarchical Grid (version 0.9.4).

Using mesh file: ./mesh/hollowed_icosahedron.mesh
Refine times: 2
Highest polymonial order: 5
Total elements = 3143
Total processes = 200

max_diam = 0.564691
min_diam = 0.267582

L2 error of gradPsi[0] = 0.000015
L2 error of gradPsi[10] = 0.000014
L2 error of gradPsi[20] = 0.000015

L2 error of gradPsi[1] = 0.000000
L2 error of gradPsi[11] = 0.000000
L2 error of gradPsi[21] = 0.000000

L2 error of gradPsi[2] = 0.000000
L2 error of gradPsi[12] = 0.000000
L2 error of gradPsi[22] = 0.000000

L2 error of gradPsi[3] = 0.000000
L2 error of gradPsi[13] = 0.000000
L2 error of gradPsi[23] = 0.000000

L2 error of gradPsi[4] = 0.002354
L2 error of gradPsi[14] = 0.002553
L2 error of gradPsi[24] = 0.002575

L2 error of gradPsi[5] = 0.001635
L2 error of gradPsi[15] = 0.001699
L2 error of gradPsi[25] = 0.001808

L2 error of gradPsi[6] = 0.001537
L2 error of gradPsi[16] = 0.001549
L2 error of gradPsi[26] = 0.001484

L2 error of gradPsi[7] = 0.002412
L2 error of gradPsi[17] = 0.002196
L2 error of gradPsi[27] = 0.002545

L2 error of gradPsi[8] = 0.001584
L2 error of gradPsi[18] = 0.001486
L2 error of gradPsi[28] = 0.001564

L2 error of gradPsi[9] = 0.002428
L2 error of gradPsi[19] = 0.002384
L2 error of gradPsi[29] = 0.002184

step 0 completed
time length: 0.000000
L2 error of psi: 0.000000

L2 err of rhs[0]: 0.0000000000000000
L2 err of rhs[1]: 0.0000000000000000
L2 err of rhs[2]: 0.0000000000000000
L2 err of rhs[3]: 0.0000000000000000
L2 err of rhs[4]: 0.0000000000000000
L2 err of rhs[5]: 0.0000000000000000
L2 err of rhs[6]: 0.0000000000000000
L2 err of rhs[7]: 0.0000000000000000
L2 err of rhs[8]: 0.0000000000000000
L2 err of rhs[9]: 0.0000000000000000
L2 err of rhs[10]: 0.0000271121103159
L2 err of rhs[11]: 0.0000000000000004
L2 err of rhs[12]: 0.0000000000000004
L2 err of rhs[13]: 0.0000000000000004
L2 err of rhs[14]: 0.0061079550145285
L2 err of rhs[15]: 0.0045406596418902
L2 err of rhs[16]: 0.0041204424404678
L2 err of rhs[17]: 0.0060436823180444
L2 err of rhs[18]: 0.0042385323915085
L2 err of rhs[19]: 0.0056078933990649
L2 err of rhs[20]: 0.0000079718890968
L2 err of rhs[21]: 0.0000000000000000
L2 err of rhs[22]: 0.0000000000000000
L2 err of rhs[23]: 0.0000000000000000
L2 err of rhs[24]: 0.0012640941594392
L2 err of rhs[25]: 0.0008837547923276
L2 err of rhs[26]: 0.0008288246012255
L2 err of rhs[27]: 0.0013230215915519
L2 err of rhs[28]: 0.0008608074514193
L2 err of rhs[29]: 0.0013423879489184
L2 err of rhs[30]: 0.0000076636662308
L2 err of rhs[31]: 0.0000000000000000
L2 err of rhs[32]: 0.0000000000000000
L2 err of rhs[33]: 0.0000000000000000
L2 err of rhs[34]: 0.0014056869740865
L2 err of rhs[35]: 0.0009145986397157
L2 err of rhs[36]: 0.0008446900134187
L2 err of rhs[37]: 0.0011868200242035
L2 err of rhs[38]: 0.0008042678378132
L2 err of rhs[39]: 0.0013220485384685
L2 err of rhs[40]: 0.0000081277276408
L2 err of rhs[41]: 0.0000000000000000
L2 err of rhs[42]: 0.0000000000000000
L2 err of rhs[43]: 0.0000000000000000
L2 err of rhs[44]: 0.0014174485812480
L2 err of rhs[45]: 0.0009785361714908
L2 err of rhs[46]: 0.0008115438436569
L2 err of rhs[47]: 0.0013895099577020
L2 err of rhs[48]: 0.0008448675209634
L2 err of rhs[49]: 0.0011829430305267
Total time cost = 86.280525


PS:

Read file <r2_p5.err> for stderr output of this job.

