Sender: LSF System <lsfadmin@c2u05n04>
Subject: Job 208273: <r4_p5> in cluster <hpc.lsec.cc.ac.cn> Done

Job <r4_p5> was submitted from host <ln02> by user <hslynn> in cluster <hpc.lsec.cc.ac.cn>.
Job was executed on host(s) <36*c2u05n04>, in queue <batch>, as user <hslynn> in cluster <hpc.lsec.cc.ac.cn>.
                            <36*c1u08n03>
                            <36*c6u03n04>
                            <36*a6u01n04>
                            <36*c6u17n02>
                            <36*a6u17n01>
                            <36*c3u05n02>
                            <36*a6u19n02>
                            <36*c3u22n01>
                            <36*c1u15n03>
                            <36*c2u03n03>
                            <4*c4u05n02>
</share/home/hslynn> was used as the home directory.
</share/home/hslynn/Einstein_DG> was used as the working directory.
Started at Sun Dec 30 19:30:54 2018
Results reported on Sun Dec 30 19:34:58 2018

Your job looked like:

------------------------------------------------------------
# LSBATCH: User input
mpijob -t mvapich2 ./Einstein_DG -r 4 -p 5
------------------------------------------------------------

Successfully completed.

Resource usage summary:

    CPU time :                                   8158.75 sec.
    Max Memory :                                 2032 MB
    Average Memory :                             1808.51 MB
    Total Requested Memory :                     -
    Delta Memory :                               -
    Max Processes :                              50
    Max Threads :                                153

The output (if any) follows:

Parallel Hierarchical Grid (version 0.9.4).

Using mesh file: ./mesh/hollowed_icosahedron.mesh
Refine times: 4
Highest polymonial order: 5
Total elements = 11118
Total processes = 400

max_diam = 0.729589
min_diam = 0.158257

L2 error of gradPsi[0] = 0.000005
L2 error of gradPsi[10] = 0.000005
L2 error of gradPsi[20] = 0.000005

L2 error of gradPsi[1] = 0.000000
L2 error of gradPsi[11] = 0.000000
L2 error of gradPsi[21] = 0.000000

L2 error of gradPsi[2] = 0.000000
L2 error of gradPsi[12] = 0.000000
L2 error of gradPsi[22] = 0.000000

L2 error of gradPsi[3] = 0.000000
L2 error of gradPsi[13] = 0.000000
L2 error of gradPsi[23] = 0.000000

L2 error of gradPsi[4] = 0.000913
L2 error of gradPsi[14] = 0.000894
L2 error of gradPsi[24] = 0.000881

L2 error of gradPsi[5] = 0.000618
L2 error of gradPsi[15] = 0.000575
L2 error of gradPsi[25] = 0.000594

L2 error of gradPsi[6] = 0.000539
L2 error of gradPsi[16] = 0.000532
L2 error of gradPsi[26] = 0.000515

L2 error of gradPsi[7] = 0.000831
L2 error of gradPsi[17] = 0.000835
L2 error of gradPsi[27] = 0.000873

L2 error of gradPsi[8] = 0.000542
L2 error of gradPsi[18] = 0.000549
L2 error of gradPsi[28] = 0.000560

L2 error of gradPsi[9] = 0.000861
L2 error of gradPsi[19] = 0.000844
L2 error of gradPsi[29] = 0.000841

step 0 completed
time length: 0.000000
L2 error of psi: 0.000000

L2 err of rhs[0]: 0.0000000000000000
L2 err of rhs[1]: 0.0000000000000000
L2 err of rhs[2]: 0.0000000000000000
L2 err of rhs[3]: 0.0000000000000000
L2 err of rhs[4]: 0.0000000000000000
L2 err of rhs[5]: 0.0000000000000000
L2 err of rhs[6]: 0.0000000000000000
L2 err of rhs[7]: 0.0000000000000000
L2 err of rhs[8]: 0.0000000000000000
L2 err of rhs[9]: 0.0000000000000000
L2 err of rhs[10]: 0.0000071997336114
L2 err of rhs[11]: 0.0000000000000004
L2 err of rhs[12]: 0.0000000000000004
L2 err of rhs[13]: 0.0000000000000004
L2 err of rhs[14]: 0.0026987457336864
L2 err of rhs[15]: 0.0018170251911199
L2 err of rhs[16]: 0.0016131115758955
L2 err of rhs[17]: 0.0025581109147275
L2 err of rhs[18]: 0.0017016612235757
L2 err of rhs[19]: 0.0025822360227027
L2 err of rhs[20]: 0.0000027023072210
L2 err of rhs[21]: 0.0000000000000000
L2 err of rhs[22]: 0.0000000000000000
L2 err of rhs[23]: 0.0000000000000000
L2 err of rhs[24]: 0.0004990069434866
L2 err of rhs[25]: 0.0003343480794072
L2 err of rhs[26]: 0.0002917473171938
L2 err of rhs[27]: 0.0004545935260005
L2 err of rhs[28]: 0.0002951103501491
L2 err of rhs[29]: 0.0004741037497792
L2 err of rhs[30]: 0.0000025096969561
L2 err of rhs[31]: 0.0000000000000000
L2 err of rhs[32]: 0.0000000000000000
L2 err of rhs[33]: 0.0000000000000000
L2 err of rhs[34]: 0.0004937156818332
L2 err of rhs[35]: 0.0003113848945369
L2 err of rhs[36]: 0.0002896542318520
L2 err of rhs[37]: 0.0004543169036670
L2 err of rhs[38]: 0.0002957227785966
L2 err of rhs[39]: 0.0004666266782372
L2 err of rhs[40]: 0.0000027310545308
L2 err of rhs[41]: 0.0000000000000000
L2 err of rhs[42]: 0.0000000000000000
L2 err of rhs[43]: 0.0000000000000000
L2 err of rhs[44]: 0.0004855632321817
L2 err of rhs[45]: 0.0003241568349585
L2 err of rhs[46]: 0.0002805368564910
L2 err of rhs[47]: 0.0004762351816714
L2 err of rhs[48]: 0.0003038275276435
L2 err of rhs[49]: 0.0004636215345974
Total time cost = 198.308496


PS:

Read file <r4_p5.err> for stderr output of this job.

