Sender: LSF System <lsfadmin@c1u10n02>
Subject: Job 208274: <r5_p5> in cluster <hpc.lsec.cc.ac.cn> Done

Job <r5_p5> was submitted from host <ln02> by user <hslynn> in cluster <hpc.lsec.cc.ac.cn>.
Job was executed on host(s) <36*c1u10n02>, in queue <batch>, as user <hslynn> in cluster <hpc.lsec.cc.ac.cn>.
                            <36*c6u24n03>
                            <36*c4u10n03>
                            <36*c6u17n04>
                            <36*c3u22n03>
                            <36*a6u17n03>
                            <36*c2u26n03>
                            <36*c2u26n02>
                            <36*c6u26n01>
                            <36*c6u17n03>
                            <36*c1u12n01>
                            <4*c4u08n01>
</share/home/hslynn> was used as the home directory.
</share/home/hslynn/Einstein_DG> was used as the working directory.
Started at Sun Dec 30 19:40:41 2018
Results reported on Sun Dec 30 19:47:46 2018

Your job looked like:

------------------------------------------------------------
# LSBATCH: User input
mpijob -t mvapich2 ./Einstein_DG -r 5 -p 5
------------------------------------------------------------

Successfully completed.

Resource usage summary:

    CPU time :                                   14264.35 sec.
    Max Memory :                                 2423 MB
    Average Memory :                             2185.13 MB
    Total Requested Memory :                     -
    Delta Memory :                               -
    Max Processes :                              50
    Max Threads :                                153

The output (if any) follows:

Parallel Hierarchical Grid (version 0.9.4).

Using mesh file: ./mesh/hollowed_icosahedron.mesh
Refine times: 5
Highest polymonial order: 5
Total elements = 22274
Total processes = 400

max_diam = 0.638609
min_diam = 0.133787

L2 error of gradPsi[0] = 0.000002
L2 error of gradPsi[10] = 0.000002
L2 error of gradPsi[20] = 0.000002

L2 error of gradPsi[1] = 0.000000
L2 error of gradPsi[11] = 0.000000
L2 error of gradPsi[21] = 0.000000

L2 error of gradPsi[2] = 0.000000
L2 error of gradPsi[12] = 0.000000
L2 error of gradPsi[22] = 0.000000

L2 error of gradPsi[3] = 0.000000
L2 error of gradPsi[13] = 0.000000
L2 error of gradPsi[23] = 0.000000

L2 error of gradPsi[4] = 0.000656
L2 error of gradPsi[14] = 0.000657
L2 error of gradPsi[24] = 0.000669

L2 error of gradPsi[5] = 0.000379
L2 error of gradPsi[15] = 0.000388
L2 error of gradPsi[25] = 0.000389

L2 error of gradPsi[6] = 0.000370
L2 error of gradPsi[16] = 0.000375
L2 error of gradPsi[26] = 0.000367

L2 error of gradPsi[7] = 0.000619
L2 error of gradPsi[17] = 0.000598
L2 error of gradPsi[27] = 0.000638

L2 error of gradPsi[8] = 0.000367
L2 error of gradPsi[18] = 0.000371
L2 error of gradPsi[28] = 0.000375

L2 error of gradPsi[9] = 0.000671
L2 error of gradPsi[19] = 0.000679
L2 error of gradPsi[29] = 0.000655

step 0 completed
time length: 0.000000
L2 error of psi: 0.000000

L2 err of rhs[0]: 0.0000000000000000
L2 err of rhs[1]: 0.0000000000000000
L2 err of rhs[2]: 0.0000000000000000
L2 err of rhs[3]: 0.0000000000000000
L2 err of rhs[4]: 0.0000000000000000
L2 err of rhs[5]: 0.0000000000000000
L2 err of rhs[6]: 0.0000000000000000
L2 err of rhs[7]: 0.0000000000000000
L2 err of rhs[8]: 0.0000000000000000
L2 err of rhs[9]: 0.0000000000000000
L2 err of rhs[10]: 0.0000029947707365
L2 err of rhs[11]: 0.0000000000000004
L2 err of rhs[12]: 0.0000000000000004
L2 err of rhs[13]: 0.0000000000000004
L2 err of rhs[14]: 0.0020728094873202
L2 err of rhs[15]: 0.0012609881502237
L2 err of rhs[16]: 0.0012401525500825
L2 err of rhs[17]: 0.0019405375527243
L2 err of rhs[18]: 0.0012203192900524
L2 err of rhs[19]: 0.0020997680558659
L2 err of rhs[20]: 0.0000008632771864
L2 err of rhs[21]: 0.0000000000000000
L2 err of rhs[22]: 0.0000000000000000
L2 err of rhs[23]: 0.0000000000000000
L2 err of rhs[24]: 0.0003676274328091
L2 err of rhs[25]: 0.0002099342119023
L2 err of rhs[26]: 0.0002058497685203
L2 err of rhs[27]: 0.0003446591886798
L2 err of rhs[28]: 0.0002042791587286
L2 err of rhs[29]: 0.0003750378320761
L2 err of rhs[30]: 0.0000008638929016
L2 err of rhs[31]: 0.0000000000000000
L2 err of rhs[32]: 0.0000000000000000
L2 err of rhs[33]: 0.0000000000000000
L2 err of rhs[34]: 0.0003658717618568
L2 err of rhs[35]: 0.0002147636323664
L2 err of rhs[36]: 0.0002088682658725
L2 err of rhs[37]: 0.0003344959133516
L2 err of rhs[38]: 0.0002056858712416
L2 err of rhs[39]: 0.0003797465331372
L2 err of rhs[40]: 0.0000008557283943
L2 err of rhs[41]: 0.0000000000000000
L2 err of rhs[42]: 0.0000000000000000
L2 err of rhs[43]: 0.0000000000000000
L2 err of rhs[44]: 0.0003749260738474
L2 err of rhs[45]: 0.0002170126752023
L2 err of rhs[46]: 0.0002046368207571
L2 err of rhs[47]: 0.0003563928713170
L2 err of rhs[48]: 0.0002087739989514
L2 err of rhs[49]: 0.0003693671430320
Total time cost = 377.516540


PS:

Read file <r5_p5.err> for stderr output of this job.

