Sender: LSF System <lsfadmin@c4u10n01>
Subject: Job 208275: <r6_p5> in cluster <hpc.lsec.cc.ac.cn> Done

Job <r6_p5> was submitted from host <ln02> by user <hslynn> in cluster <hpc.lsec.cc.ac.cn>.
Job was executed on host(s) <36*c4u10n01>, in queue <batch>, as user <hslynn> in cluster <hpc.lsec.cc.ac.cn>.
                            <36*c1u15n03>
                            <36*c6u03n04>
                            <36*c2u05n04>
                            <36*a6u19n02>
                            <36*c6u17n02>
                            <36*a6u01n04>
                            <36*c3u22n01>
                            <36*c1u08n03>
                            <36*c3u05n02>
                            <36*a6u17n01>
                            <4*c2u03n03>
</share/home/hslynn> was used as the home directory.
</share/home/hslynn/Einstein_DG> was used as the working directory.
Started at Sun Dec 30 19:38:04 2018
Results reported on Sun Dec 30 19:46:41 2018

Your job looked like:

------------------------------------------------------------
# LSBATCH: User input
mpijob -t mvapich2 ./Einstein_DG -r 6 -p 5
------------------------------------------------------------

Successfully completed.

Resource usage summary:

    CPU time :                                   17367.05 sec.
    Max Memory :                                 2892 MB
    Average Memory :                             2521.32 MB
    Total Requested Memory :                     -
    Delta Memory :                               -
    Max Processes :                              50
    Max Threads :                                153

The output (if any) follows:

Parallel Hierarchical Grid (version 0.9.4).

Using mesh file: ./mesh/hollowed_icosahedron.mesh
Refine times: 6
Highest polymonial order: 5
Total elements = 34304
Total processes = 400

max_diam = 0.638607
min_diam = 0.133769

L2 error of gradPsi[0] = 0.000001
L2 error of gradPsi[10] = 0.000001
L2 error of gradPsi[20] = 0.000001

L2 error of gradPsi[1] = 0.000000
L2 error of gradPsi[11] = 0.000000
L2 error of gradPsi[21] = 0.000000

L2 error of gradPsi[2] = 0.000000
L2 error of gradPsi[12] = 0.000000
L2 error of gradPsi[22] = 0.000000

L2 error of gradPsi[3] = 0.000000
L2 error of gradPsi[13] = 0.000000
L2 error of gradPsi[23] = 0.000000

L2 error of gradPsi[4] = 0.000511
L2 error of gradPsi[14] = 0.000603
L2 error of gradPsi[24] = 0.000603

L2 error of gradPsi[5] = 0.000321
L2 error of gradPsi[15] = 0.000322
L2 error of gradPsi[25] = 0.000340

L2 error of gradPsi[6] = 0.000310
L2 error of gradPsi[16] = 0.000334
L2 error of gradPsi[26] = 0.000307

L2 error of gradPsi[7] = 0.000562
L2 error of gradPsi[17] = 0.000465
L2 error of gradPsi[27] = 0.000578

L2 error of gradPsi[8] = 0.000330
L2 error of gradPsi[18] = 0.000312
L2 error of gradPsi[28] = 0.000311

L2 error of gradPsi[9] = 0.000617
L2 error of gradPsi[19] = 0.000620
L2 error of gradPsi[29] = 0.000509

step 0 completed
time length: 0.000000
L2 error of psi: 0.000000

L2 err of rhs[0]: 0.0000000000000000
L2 err of rhs[1]: 0.0000000000000000
L2 err of rhs[2]: 0.0000000000000000
L2 err of rhs[3]: 0.0000000000000000
L2 err of rhs[4]: 0.0000000000000000
L2 err of rhs[5]: 0.0000000000000000
L2 err of rhs[6]: 0.0000000000000000
L2 err of rhs[7]: 0.0000000000000000
L2 err of rhs[8]: 0.0000000000000000
L2 err of rhs[9]: 0.0000000000000000
L2 err of rhs[10]: 0.0000019983848115
L2 err of rhs[11]: 0.0000000000000004
L2 err of rhs[12]: 0.0000000000000004
L2 err of rhs[13]: 0.0000000000000004
L2 err of rhs[14]: 0.0014108620335256
L2 err of rhs[15]: 0.0008744453984615
L2 err of rhs[16]: 0.0008755889974827
L2 err of rhs[17]: 0.0013321318003658
L2 err of rhs[18]: 0.0008708727200076
L2 err of rhs[19]: 0.0014181858947645
L2 err of rhs[20]: 0.0000006254045471
L2 err of rhs[21]: 0.0000000000000000
L2 err of rhs[22]: 0.0000000000000000
L2 err of rhs[23]: 0.0000000000000000
L2 err of rhs[24]: 0.0002806890869802
L2 err of rhs[25]: 0.0001760102514040
L2 err of rhs[26]: 0.0001710086916994
L2 err of rhs[27]: 0.0003106112293958
L2 err of rhs[28]: 0.0001819044785235
L2 err of rhs[29]: 0.0003414401992616
L2 err of rhs[30]: 0.0000006099498231
L2 err of rhs[31]: 0.0000000000000000
L2 err of rhs[32]: 0.0000000000000000
L2 err of rhs[33]: 0.0000000000000000
L2 err of rhs[34]: 0.0003332951299040
L2 err of rhs[35]: 0.0001767053364008
L2 err of rhs[36]: 0.0001847467877172
L2 err of rhs[37]: 0.0002555715380069
L2 err of rhs[38]: 0.0001719094268772
L2 err of rhs[39]: 0.0003430396215169
L2 err of rhs[40]: 0.0000006106481824
L2 err of rhs[41]: 0.0000000000000000
L2 err of rhs[42]: 0.0000000000000000
L2 err of rhs[43]: 0.0000000000000000
L2 err of rhs[44]: 0.0003334362018596
L2 err of rhs[45]: 0.0001871747614676
L2 err of rhs[46]: 0.0001695915458697
L2 err of rhs[47]: 0.0003186663210241
L2 err of rhs[48]: 0.0001708566301725
L2 err of rhs[49]: 0.0002800950829606
Total time cost = 469.950035


PS:

Read file <r6_p5.err> for stderr output of this job.

