Sender: LSF System <lsfadmin@a6u10n02>
Subject: Job 206857: <r0_p2> in cluster <hpc.lsec.cc.ac.cn> Done

Job <r0_p2> was submitted from host <ln02> by user <hslynn> in cluster <hpc.lsec.cc.ac.cn>.
Job was executed on host(s) <36*a6u10n02>, in queue <batch>, as user <hslynn> in cluster <hpc.lsec.cc.ac.cn>.
                            <36*c1u26n02>
                            <36*c2u05n04>
                            <36*c1u08n02>
                            <36*c1u08n03>
                            <36*c4u03n03>
                            <6*c3u01n02>
</share/home/hslynn> was used as the home directory.
</share/home/hslynn/Einstein_DG> was used as the working directory.
Started at Wed Dec 26 15:11:21 2018
Results reported on Wed Dec 26 15:12:19 2018

Your job looked like:

------------------------------------------------------------
# LSBATCH: User input
mpijob -t openmpi ./Einstein_DG -r 0
------------------------------------------------------------

Successfully completed.

Resource usage summary:

    CPU time :                                   1.97 sec.
    Max Memory :                                 10217 MB
    Total Requested Memory :                     -
    Delta Memory :                               -

The output (if any) follows:

Parallel Hierarchical Grid (version 0.9.4).

Using mesh file: ./mesh/hollowed_icosahedron.mesh
Refine times: 0
Highest polymonial order: 2
Total elements = 12475
Total processes = 222

max_diam = 0.232279
min_diam = 0.018849

L2 error of gradPsi[0] = 0.004310
L2 error of gradPsi[10] = 0.004253
L2 error of gradPsi[20] = 0.004271
L2 error of gradPsi[1] = 0.000000
L2 error of gradPsi[11] = 0.000000
L2 error of gradPsi[21] = 0.000000
L2 error of gradPsi[2] = 0.000000
L2 error of gradPsi[12] = 0.000000
L2 error of gradPsi[22] = 0.000000
L2 error of gradPsi[3] = 0.000000
L2 error of gradPsi[13] = 0.000000
L2 error of gradPsi[23] = 0.000000
L2 error of gradPsi[4] = 0.086388
L2 error of gradPsi[14] = 0.076444
L2 error of gradPsi[24] = 0.076896
L2 error of gradPsi[5] = 0.045574
L2 error of gradPsi[15] = 0.045434
L2 error of gradPsi[25] = 0.043490
L2 error of gradPsi[6] = 0.045456
L2 error of gradPsi[16] = 0.044002
L2 error of gradPsi[26] = 0.045083
L2 error of gradPsi[7] = 0.075820
L2 error of gradPsi[17] = 0.083665
L2 error of gradPsi[27] = 0.075388
L2 error of gradPsi[8] = 0.043287
L2 error of gradPsi[18] = 0.044695
L2 error of gradPsi[28] = 0.043945
L2 error of gradPsi[9] = 0.074995
L2 error of gradPsi[19] = 0.074334
L2 error of gradPsi[29] = 0.082376


PS:

Read file <r0_p2.err> for stderr output of this job.

