Sender: LSF System <lsfadmin@c1u24n01>
Subject: Job 185071: <r0_s> in cluster <hpc.lsec.cc.ac.cn> Done

Job <r0_s> was submitted from host <ln02> by user <hslynn> in cluster <hpc.lsec.cc.ac.cn>.
Job was executed on host(s) <c1u24n01>, in queue <batch>, as user <hslynn> in cluster <hpc.lsec.cc.ac.cn>.
</share/home/hslynn> was used as the home directory.
</share/home/hslynn/Einstein_DG> was used as the working directory.
Started at Thu Dec 20 14:26:03 2018
Results reported on Thu Dec 20 14:27:56 2018

Your job looked like:

------------------------------------------------------------
# LSBATCH: User input
mpijob -t openmpi ./Einstein_DG
------------------------------------------------------------

Successfully completed.

Resource usage summary:

    CPU time :                                   110.48 sec.
    Max Memory :                                 95 MB
    Average Memory :                             92.62 MB
    Total Requested Memory :                     -
    Delta Memory :                               -
    Max Processes :                              5
    Max Threads :                                12

The output (if any) follows:

Parallel Hierarchical Grid (version 0.9.4).
step 0 completed
time length: 0.000000

step 1 completed
time length: 0.010000

step 2 completed
time length: 0.020000

step 3 completed
time length: 0.030000

step 4 completed
time length: 0.040000

step 5 completed
time length: 0.050000

step 6 completed
time length: 0.060000

step 7 completed
time length: 0.070000

step 8 completed
time length: 0.080000

step 9 completed
time length: 0.090000

Total processes = 1

Total elements = 536

Total time cost = 111.205545

L2 error of psi[0]: 0.000113
L2 error of psi[1]: 0.000031
L2 error of psi[2]: 0.000031
L2 error of psi[3]: 0.000030
L2 error of psi[4]: 0.003541
L2 error of psi[5]: 0.002239
L2 error of psi[6]: 0.002293
L2 error of psi[7]: 0.003566
L2 error of psi[8]: 0.002207
L2 error of psi[9]: 0.003567


PS:

Read file <r0_s.err> for stderr output of this job.

